<?xml version="1.0" encoding="UTF-8"?>
<!-- Generated by org.testng.reporters.JUnitReportReporter -->
<testsuite hostname="ADMIW58ZLPC0664" failures="0" tests="2" name="Testng.testng" time="122.862" errors="0" timestamp="2022-02-21T10:44:06 IST" skipped="0">
  <testcase classname="Testng.testng" name="edgeBrowser" time="61.018"/>
  <system-out>
    <![CDATA[Please enter a valid mobile number (10 digits)]]>
  </system-out>
  <testcase classname="Testng.testng" name="chromeBrowser" time="61.844"/>
  <system-out>
    <![CDATA[Please enter a valid mobile number (10 digits)]]>
  </system-out>
</testsuite> <!-- Testng.testng -->
