<?xml version="1.0" encoding="UTF-8"?>
<!-- Generated by org.testng.reporters.JUnitReportReporter -->
<testsuite hostname="ADMIW58ZLPC0664" failures="0" tests="1" name="Testng.TestNgBasics" time="0.006" errors="0" timestamp="2022-02-17T13:27:51 IST" skipped="0">
  <testcase classname="Testng.TestNgBasics" name="googleTitleTest" time="0.006"/>
  <system-out/>
</testsuite> <!-- Testng.TestNgBasics -->
